<?xml version="1.0" encoding="UTF-8"?>
<!-- Generated by org.testng.reporters.JUnitReportReporter -->
<testsuite hostname="LAPTOP-C5JQGMV1" failures="0" tests="2" name="com.POMtestng.GoogleSearch_Child1" time="6.511" errors="0" timestamp="16 Jan 2019 07:03:09 GMT" skipped="0">
  <testcase classname="com.POMtestng.GoogleSearch_Child1" name="navigateURL" time="3.809"/>
  <testcase classname="com.POMtestng.GoogleSearch_Child1" name="seleniumhq" time="2.702"/>
</testsuite> <!-- com.POMtestng.GoogleSearch_Child1 -->
