<?xml version="1.0" encoding="UTF-8"?>
<!-- Generated by org.testng.reporters.JUnitReportReporter -->
<testsuite hostname="LAPTOP-C5JQGMV1" failures="0" tests="3" name="com.POMtestng.SeleniumHQ_Child2" time="10.783" errors="0" timestamp="16 Jan 2019 17:03:27 GMT" skipped="0">
  <testcase classname="com.POMtestng.SeleniumHQ_Child2" name="navigateURL" time="4.981"/>
  <testcase classname="com.POMtestng.SeleniumHQ_Child2" name="seleniumhq" time="3.523"/>
  <testcase classname="com.POMtestng.SeleniumHQ_Child2" name="seleniumpage" time="2.279"/>
</testsuite> <!-- com.POMtestng.SeleniumHQ_Child2 -->
