<?xml version="1.0" encoding="UTF-8"?>
<!-- Generated by org.testng.reporters.JUnitReportReporter -->
<testsuite hostname="LAPTOP-C5JQGMV1" failures="0" tests="3" name="com.testng1.TestngAnnotations" time="0.018" errors="0" timestamp="04 Jan 2019 07:10:58 GMT" skipped="0">
  <testcase classname="com.testng1.TestngAnnotations" name="btestcase1" time="0.011"/>
  <testcase classname="com.testng1.TestngAnnotations" name="atestcase2" time="0.005"/>
  <testcase classname="com.testng1.TestngAnnotations" name="atestcase2" time="0.002"/>
</testsuite> <!-- com.testng1.TestngAnnotations -->
