<?xml version="1.0" encoding="UTF-8"?>
<!-- Generated by org.testng.reporters.JUnitReportReporter -->
<testsuite hostname="LAPTOP-C5JQGMV1" failures="0" tests="6" name="com.testng1.AmazonSearch_Parameter_XML" time="35.226" errors="0" timestamp="04 Jan 2019 18:42:36 GMT" skipped="0">
  <testcase classname="com.testng1.AmazonSearch_Parameter_XML" name="getURLdetails" time="0.086"/>
  <testcase classname="com.testng1.AmazonSearch_Parameter_XML" name="getURLdetails" time="1.240"/>
  <testcase classname="com.testng1.AmazonSearch_Parameter_XML" name="amazonsearch" time="4.590"/>
  <testcase classname="com.testng1.AmazonSearch_Parameter_XML" name="amazonsearch" time="4.387"/>
  <testcase classname="com.testng1.AmazonSearch_Parameter_XML" name="results" time="12.437"/>
  <testcase classname="com.testng1.AmazonSearch_Parameter_XML" name="results" time="12.486"/>
</testsuite> <!-- com.testng1.AmazonSearch_Parameter_XML -->
