<?xml version="1.0" encoding="UTF-8"?>
<!-- Generated by org.testng.reporters.JUnitReportReporter -->
<testsuite hostname="LAPTOP-C5JQGMV1" failures="0" tests="2" name="com.testng1.Robot_FW" time="26.808" errors="0" timestamp="12 Jan 2019 21:17:00 GMT" skipped="0">
  <testcase classname="com.testng1.Robot_FW" name="BrowserInvoke" time="16.395"/>
  <testcase classname="com.testng1.Robot_FW" name="robotactions" time="10.413"/>
</testsuite> <!-- com.testng1.Robot_FW -->
