<?xml version="1.0" encoding="UTF-8"?>
<!-- Generated by org.testng.reporters.JUnitReportReporter -->
<testsuite hostname="LAPTOP-C5JQGMV1" failures="0" tests="4" name="com.testng1.AmazonSearch_DataProvider" time="54.428" errors="0" timestamp="04 Jan 2019 20:59:25 GMT" skipped="0">
  <testcase classname="com.testng1.AmazonSearch_DataProvider" name="getURLdetails" time="0.200"/>
  <testcase classname="com.testng1.AmazonSearch_DataProvider" name="amazonsearch" time="16.522"/>
  <testcase classname="com.testng1.AmazonSearch_DataProvider" name="amazonsearch" time="21.165"/>
  <testcase classname="com.testng1.AmazonSearch_DataProvider" name="amazonsearch" time="16.541"/>
</testsuite> <!-- com.testng1.AmazonSearch_DataProvider -->
