<?xml version="1.0" encoding="UTF-8"?>
<!-- Generated by org.testng.reporters.JUnitReportReporter -->
<testsuite hostname="LAPTOP-C5JQGMV1" failures="0" tests="5" name="com.testng1.AmazonSearch_ExtentReports" time="38.478" errors="0" timestamp="09 Jan 2019 19:12:50 GMT" skipped="0">
  <testcase classname="com.testng1.AmazonSearch_ExtentReports" name="browserproperty" time="1.228"/>
  <testcase classname="com.testng1.AmazonSearch_ExtentReports" name="navigateURL" time="3.867"/>
  <testcase classname="com.testng1.AmazonSearch_ExtentReports" name="getPageInfo" time="4.297"/>
  <testcase classname="com.testng1.AmazonSearch_ExtentReports" name="amazonsearch" time="13.581"/>
  <testcase classname="com.testng1.AmazonSearch_ExtentReports" name="results" time="15.505"/>
</testsuite> <!-- com.testng1.AmazonSearch_ExtentReports -->
