<?xml version="1.0" encoding="UTF-8"?>
<!-- Generated by org.testng.reporters.JUnitReportReporter -->
<testsuite hostname="LAPTOP-C5JQGMV1" failures="0" tests="3" name="com.testng1.phptravels" time="64.199" errors="0" timestamp="04 Jan 2019 06:40:31 GMT" skipped="0">
  <testcase classname="com.testng1.phptravels" name="getCredentials" time="22.831"/>
  <testcase classname="com.testng1.phptravels" name="dashboard" time="7.346"/>
  <testcase classname="com.testng1.phptravels" name="Registerform" time="34.022"/>
</testsuite> <!-- com.testng1.phptravels -->
