<?xml version="1.0" encoding="UTF-8"?>
<!-- Generated by org.testng.reporters.JUnitReportReporter -->
<testsuite hostname="LAPTOP-C5JQGMV1" failures="0" tests="7" name="com.testng1.AmazonSearch_Screenshot" time="57.325" errors="0" timestamp="07 Jan 2019 21:21:33 GMT" skipped="0">
  <testcase classname="com.testng1.AmazonSearch_Screenshot" name="browserproperty" time="1.483"/>
  <testcase classname="com.testng1.AmazonSearch_Screenshot" name="navigateURL" time="6.229"/>
  <testcase classname="com.testng1.AmazonSearch_Screenshot" name="getPageInfo" time="1.673"/>
  <testcase classname="com.testng1.AmazonSearch_Screenshot" name="amazonsearch" time="14.837"/>
  <testcase classname="com.testng1.AmazonSearch_Screenshot" name="amazonsearch" time="10.853"/>
  <testcase classname="com.testng1.AmazonSearch_Screenshot" name="amazonsearch" time="11.068"/>
  <testcase classname="com.testng1.AmazonSearch_Screenshot" name="results" time="11.182"/>
</testsuite> <!-- com.testng1.AmazonSearch_Screenshot -->
