<?xml version="1.0" encoding="UTF-8"?>
<!-- Generated by org.testng.reporters.JUnitReportReporter -->
<testsuite hostname="LAPTOP-C5JQGMV1" failures="0" tests="3" name="com.testng1.AmazonSearch_Parameter" time="19.371" errors="0" timestamp="04 Jan 2019 11:10:28 GMT" skipped="0">
  <testcase classname="com.testng1.AmazonSearch_Parameter" name="getURLdetails" time="0.080"/>
  <testcase classname="com.testng1.AmazonSearch_Parameter" name="amazonsearch" time="6.927"/>
  <testcase classname="com.testng1.AmazonSearch_Parameter" name="results" time="12.364"/>
</testsuite> <!-- com.testng1.AmazonSearch_Parameter -->
